<?xml version="1.0" encoding="UTF-8"?>
<robot generator="Robot 4.1.3 (Python 3.10.2 on win32)" generated="20220317 11:55:04.847" rpa="false" schemaversion="2">
<suite id="s1" name="Verify Validcredential Suite" source="D:\Mine\Company\LT5\robot_framework\login_suite\verify_validcredential_suite.robot">
<test id="s1-t1" name="Verify Valid Credential Test">
<kw name="Launch Browser" library="CommonFunctionality">
<kw name="Open Browser" library="SeleniumLibrary">
<arg>browser=chrome</arg>
<arg>executable_path=${EXECDIR}${/}driver${/}chromedriver.exe</arg>
<doc>Opens a new browser instance to the optional ``url``.</doc>
<msg timestamp="20220317 11:55:05.172" level="INFO">Opening browser 'chrome' to base url 'None'.</msg>
<status status="PASS" starttime="20220317 11:55:05.171" endtime="20220317 11:55:07.510"/>
</kw>
<kw name="Maximize Browser Window" library="SeleniumLibrary">
<doc>Maximizes current browser window.</doc>
<status status="PASS" starttime="20220317 11:55:07.510" endtime="20220317 11:55:07.630"/>
</kw>
<kw name="Set Selenium Implicit Wait" library="SeleniumLibrary">
<arg>30s</arg>
<doc>Sets the implicit wait value used by Selenium.</doc>
<status status="PASS" starttime="20220317 11:55:07.630" endtime="20220317 11:55:07.635"/>
</kw>
<kw name="Go To" library="SeleniumLibrary">
<arg>url=https://opensource-demo.orangehrmlive.com/</arg>
<doc>Navigates the current browser window to the provided ``url``.</doc>
<msg timestamp="20220317 11:55:07.637" level="INFO">Opening url 'https://opensource-demo.orangehrmlive.com/'</msg>
<status status="PASS" starttime="20220317 11:55:07.636" endtime="20220317 11:55:12.247"/>
</kw>
<status status="PASS" starttime="20220317 11:55:05.171" endtime="20220317 11:55:12.248"/>
</kw>
<kw name="Input Text" library="SeleniumLibrary">
<arg>id=txtUsername</arg>
<arg>Admin</arg>
<doc>Types the given ``text`` into the text field identified by ``locator``.</doc>
<msg timestamp="20220317 11:55:12.249" level="INFO">Typing text 'Admin' into text field 'id=txtUsername'.</msg>
<status status="PASS" starttime="20220317 11:55:12.248" endtime="20220317 11:55:12.373"/>
</kw>
<kw name="Input Password" library="SeleniumLibrary">
<arg>id=txtPassword</arg>
<arg>admin123</arg>
<doc>Types the given password into the text field identified by ``locator``.</doc>
<msg timestamp="20220317 11:55:12.374" level="INFO">Typing password into text field 'id=txtPassword'.</msg>
<msg timestamp="20220317 11:55:12.427" level="INFO">Temporally setting log level to: NONE</msg>
<msg timestamp="20220317 11:55:12.485" level="INFO">Log level changed from NONE to INFO.</msg>
<status status="PASS" starttime="20220317 11:55:12.374" endtime="20220317 11:55:12.485"/>
</kw>
<kw name="Click Element" library="SeleniumLibrary">
<arg>id=btnLogin</arg>
<doc>Click the element identified by ``locator``.</doc>
<msg timestamp="20220317 11:55:12.486" level="INFO">Clicking element 'id=btnLogin'.</msg>
<status status="PASS" starttime="20220317 11:55:12.486" endtime="20220317 11:55:16.818"/>
</kw>
<kw name="Page Should Contain" library="SeleniumLibrary">
<arg>My Info</arg>
<doc>Verifies that current page contains ``text``.</doc>
<msg timestamp="20220317 11:55:16.845" level="INFO">Current page contains text 'My Info'.</msg>
<status status="PASS" starttime="20220317 11:55:16.819" endtime="20220317 11:55:16.845"/>
</kw>
<kw name="Close Browser" library="SeleniumLibrary" type="TEARDOWN">
<doc>Closes the current browser.</doc>
<status status="PASS" starttime="20220317 11:55:16.846" endtime="20220317 11:55:19.166"/>
</kw>
<status status="PASS" starttime="20220317 11:55:05.170" endtime="20220317 11:55:19.166"/>
</test>
<doc>This suite will handles all the test cases related to valid
credential test for orangehrm. Test case - TC_OH_2</doc>
<status status="PASS" starttime="20220317 11:55:04.849" endtime="20220317 11:55:19.167"/>
</suite>
<statistics>
<total>
<stat pass="1" fail="0" skip="0">All Tests</stat>
</total>
<tag>
</tag>
<suite>
<stat pass="1" fail="0" skip="0" id="s1" name="Verify Validcredential Suite">Verify Validcredential Suite</stat>
</suite>
</statistics>
<errors>
</errors>
</robot>
